<?xml version="1.0" encoding="UTF-8"?>
<coverage generated="1742838918">
  <project timestamp="1742838918">
    <package name="Noraitec\FilamentFlatpickrPlugin\Components\Concerns">
      <file name="/home/dreamex/Proyectos/php/Open Source/packages/noraitec/filament-flatpickr-plugin/src/Components/Concerns/HasCallbacks.php">
        <class name="Noraitec\FilamentFlatpickrPlugin\Components\Concerns\HasCallbacks" namespace="Noraitec\FilamentFlatpickrPlugin\Components\Concerns">
          <metrics complexity="8" methods="8" coveredmethods="8" conditionals="0" coveredconditionals="0" statements="16" coveredstatements="16" elements="24" coveredelements="24"/>
        </class>
        <line num="7" type="method" name="onChange" visibility="public" complexity="1" crap="1" count="2"/>
        <line num="9" type="stmt" count="2"/>
        <line num="10" type="stmt" count="2"/>
        <line num="13" type="method" name="onOpen" visibility="public" complexity="1" crap="1" count="2"/>
        <line num="15" type="stmt" count="2"/>
        <line num="16" type="stmt" count="2"/>
        <line num="19" type="method" name="onClose" visibility="public" complexity="1" crap="1" count="1"/>
        <line num="21" type="stmt" count="1"/>
        <line num="22" type="stmt" count="1"/>
        <line num="25" type="method" name="onReady" visibility="public" complexity="1" crap="1" count="1"/>
        <line num="27" type="stmt" count="1"/>
        <line num="28" type="stmt" count="1"/>
        <line num="31" type="method" name="onMonthChange" visibility="public" complexity="1" crap="1" count="1"/>
        <line num="33" type="stmt" count="1"/>
        <line num="34" type="stmt" count="1"/>
        <line num="37" type="method" name="onYearChange" visibility="public" complexity="1" crap="1" count="1"/>
        <line num="39" type="stmt" count="1"/>
        <line num="40" type="stmt" count="1"/>
        <line num="43" type="method" name="onValueUpdate" visibility="public" complexity="1" crap="1" count="1"/>
        <line num="45" type="stmt" count="1"/>
        <line num="46" type="stmt" count="1"/>
        <line num="49" type="method" name="onDayCreate" visibility="public" complexity="1" crap="1" count="1"/>
        <line num="51" type="stmt" count="1"/>
        <line num="52" type="stmt" count="1"/>
        <metrics loc="55" ncloc="55" classes="1" methods="8" coveredmethods="8" conditionals="0" coveredconditionals="0" statements="16" coveredstatements="16" elements="24" coveredelements="24"/>
      </file>
      <file name="/home/dreamex/Proyectos/php/Open Source/packages/noraitec/filament-flatpickr-plugin/src/Components/Concerns/HasLimits.php">
        <class name="Noraitec\FilamentFlatpickrPlugin\Components\Concerns\HasLimits" namespace="Noraitec\FilamentFlatpickrPlugin\Components\Concerns">
          <metrics complexity="4" methods="4" coveredmethods="4" conditionals="0" coveredconditionals="0" statements="8" coveredstatements="8" elements="12" coveredelements="12"/>
        </class>
        <line num="7" type="method" name="minDate" visibility="public" complexity="1" crap="1" count="2"/>
        <line num="9" type="stmt" count="2"/>
        <line num="10" type="stmt" count="2"/>
        <line num="13" type="method" name="maxDate" visibility="public" complexity="1" crap="1" count="2"/>
        <line num="15" type="stmt" count="2"/>
        <line num="16" type="stmt" count="2"/>
        <line num="21" type="method" name="disableFunction" visibility="public" complexity="1" crap="1" count="1"/>
        <line num="23" type="stmt" count="1"/>
        <line num="24" type="stmt" count="1"/>
        <line num="27" type="method" name="enableFunction" visibility="public" complexity="1" crap="1" count="1"/>
        <line num="29" type="stmt" count="1"/>
        <line num="30" type="stmt" count="1"/>
        <metrics loc="33" ncloc="33" classes="1" methods="4" coveredmethods="4" conditionals="0" coveredconditionals="0" statements="8" coveredstatements="8" elements="12" coveredelements="12"/>
      </file>
      <file name="/home/dreamex/Proyectos/php/Open Source/packages/noraitec/filament-flatpickr-plugin/src/Components/Concerns/HasLocalization.php">
        <class name="Noraitec\FilamentFlatpickrPlugin\Components\Concerns\HasLocalization" namespace="Noraitec\FilamentFlatpickrPlugin\Components\Concerns">
          <metrics complexity="12" methods="11" coveredmethods="11" conditionals="0" coveredconditionals="0" statements="24" coveredstatements="24" elements="35" coveredelements="35"/>
        </class>
        <line num="9" type="method" name="locale" visibility="public" complexity="1" crap="1" count="1"/>
        <line num="11" type="stmt" count="1"/>
        <line num="12" type="stmt" count="1"/>
        <line num="15" type="method" name="getLocale" visibility="public" complexity="1" crap="1" count="1"/>
        <line num="17" type="stmt" count="1"/>
        <line num="20" type="method" name="altInput" visibility="public" complexity="1" crap="1" count="2"/>
        <line num="22" type="stmt" count="2"/>
        <line num="23" type="stmt" count="2"/>
        <line num="26" type="method" name="altFormat" visibility="public" complexity="1" crap="1" count="2"/>
        <line num="28" type="stmt" count="2"/>
        <line num="29" type="stmt" count="2"/>
        <line num="32" type="method" name="altInputClass" visibility="public" complexity="1" crap="1" count="1"/>
        <line num="34" type="stmt" count="1"/>
        <line num="35" type="stmt" count="1"/>
        <line num="38" type="method" name="dateFormat" visibility="public" complexity="1" crap="1" count="2"/>
        <line num="40" type="stmt" count="2"/>
        <line num="41" type="stmt" count="2"/>
        <line num="44" type="method" name="ariaDateFormat" visibility="public" complexity="1" crap="1" count="2"/>
        <line num="46" type="stmt" count="2"/>
        <line num="47" type="stmt" count="2"/>
        <line num="50" type="method" name="conjunction" visibility="public" complexity="1" crap="1" count="1"/>
        <line num="52" type="stmt" count="1"/>
        <line num="53" type="stmt" count="1"/>
        <line num="56" type="method" name="shorthandCurrentMonth" visibility="public" complexity="1" crap="1" count="2"/>
        <line num="58" type="stmt" count="2"/>
        <line num="59" type="stmt" count="2"/>
        <line num="62" type="method" name="weekNumbers" visibility="public" complexity="1" crap="1" count="2"/>
        <line num="64" type="stmt" count="2"/>
        <line num="65" type="stmt" count="2"/>
        <line num="68" type="method" name="monthSelectorType" visibility="public" complexity="2" crap="2" count="4"/>
        <line num="70" type="stmt" count="4"/>
        <line num="72" type="stmt" count="4"/>
        <line num="73" type="stmt" count="2"/>
        <line num="76" type="stmt" count="2"/>
        <line num="77" type="stmt" count="2"/>
        <metrics loc="80" ncloc="80" classes="1" methods="11" coveredmethods="11" conditionals="0" coveredconditionals="0" statements="24" coveredstatements="24" elements="35" coveredelements="35"/>
      </file>
      <file name="/home/dreamex/Proyectos/php/Open Source/packages/noraitec/filament-flatpickr-plugin/src/Components/Concerns/HasPositioning.php">
        <class name="Noraitec\FilamentFlatpickrPlugin\Components\Concerns\HasPositioning" namespace="Noraitec\FilamentFlatpickrPlugin\Components\Concerns">
          <metrics complexity="11" methods="10" coveredmethods="10" conditionals="0" coveredconditionals="0" statements="23" coveredstatements="23" elements="33" coveredelements="33"/>
        </class>
        <line num="7" type="method" name="inline" visibility="public" complexity="1" crap="1" count="2"/>
        <line num="9" type="stmt" count="2"/>
        <line num="10" type="stmt" count="2"/>
        <line num="13" type="method" name="position" visibility="public" complexity="2" crap="2" count="2"/>
        <line num="15" type="stmt" count="2"/>
        <line num="17" type="stmt" count="2"/>
        <line num="18" type="stmt" count="1"/>
        <line num="21" type="stmt" count="1"/>
        <line num="22" type="stmt" count="1"/>
        <line num="25" type="method" name="positionElement" visibility="public" complexity="1" crap="1" count="1"/>
        <line num="27" type="stmt" count="1"/>
        <line num="28" type="stmt" count="1"/>
        <line num="31" type="method" name="static" visibility="public" complexity="1" crap="1" count="1"/>
        <line num="33" type="stmt" count="1"/>
        <line num="34" type="stmt" count="1"/>
        <line num="37" type="method" name="wrap" visibility="public" complexity="1" crap="1" count="1"/>
        <line num="39" type="stmt" count="1"/>
        <line num="40" type="stmt" count="1"/>
        <line num="43" type="method" name="clickOpens" visibility="public" complexity="1" crap="1" count="1"/>
        <line num="45" type="stmt" count="1"/>
        <line num="46" type="stmt" count="1"/>
        <line num="49" type="method" name="allowInput" visibility="public" complexity="1" crap="1" count="1"/>
        <line num="51" type="stmt" count="1"/>
        <line num="52" type="stmt" count="1"/>
        <line num="55" type="method" name="nextArrow" visibility="public" complexity="1" crap="1" count="1"/>
        <line num="57" type="stmt" count="1"/>
        <line num="58" type="stmt" count="1"/>
        <line num="61" type="method" name="prevArrow" visibility="public" complexity="1" crap="1" count="1"/>
        <line num="63" type="stmt" count="1"/>
        <line num="64" type="stmt" count="1"/>
        <line num="67" type="method" name="showMonths" visibility="public" complexity="1" crap="1" count="1"/>
        <line num="69" type="stmt" count="1"/>
        <line num="70" type="stmt" count="1"/>
        <metrics loc="73" ncloc="73" classes="1" methods="10" coveredmethods="10" conditionals="0" coveredconditionals="0" statements="23" coveredstatements="23" elements="33" coveredelements="33"/>
      </file>
      <file name="/home/dreamex/Proyectos/php/Open Source/packages/noraitec/filament-flatpickr-plugin/src/Components/Concerns/HasRangeOptions.php">
        <class name="Noraitec\FilamentFlatpickrPlugin\Components\Concerns\HasRangeOptions" namespace="Noraitec\FilamentFlatpickrPlugin\Components\Concerns">
          <metrics complexity="6" methods="5" coveredmethods="5" conditionals="0" coveredconditionals="0" statements="13" coveredstatements="13" elements="18" coveredelements="18"/>
        </class>
        <line num="7" type="method" name="mode" visibility="public" complexity="2" crap="2" count="4"/>
        <line num="9" type="stmt" count="4"/>
        <line num="11" type="stmt" count="4"/>
        <line num="12" type="stmt" count="2"/>
        <line num="15" type="stmt" count="2"/>
        <line num="16" type="stmt" count="2"/>
        <line num="19" type="method" name="defaultDate" visibility="public" complexity="1" crap="1" count="2"/>
        <line num="21" type="stmt" count="2"/>
        <line num="22" type="stmt" count="2"/>
        <line num="27" type="method" name="disableFunction" visibility="public" complexity="1" crap="1" count="1"/>
        <line num="29" type="stmt" count="1"/>
        <line num="30" type="stmt" count="1"/>
        <line num="35" type="method" name="enableFunction" visibility="public" complexity="1" crap="1" count="1"/>
        <line num="37" type="stmt" count="1"/>
        <line num="38" type="stmt" count="1"/>
        <line num="41" type="method" name="conjunction" visibility="public" complexity="1" crap="1" count="1"/>
        <line num="43" type="stmt" count="1"/>
        <line num="44" type="stmt" count="1"/>
        <metrics loc="48" ncloc="48" classes="1" methods="5" coveredmethods="5" conditionals="0" coveredconditionals="0" statements="13" coveredstatements="13" elements="18" coveredelements="18"/>
      </file>
      <file name="/home/dreamex/Proyectos/php/Open Source/packages/noraitec/filament-flatpickr-plugin/src/Components/Concerns/HasTimeOptions.php">
        <class name="Noraitec\FilamentFlatpickrPlugin\Components\Concerns\HasTimeOptions" namespace="Noraitec\FilamentFlatpickrPlugin\Components\Concerns">
          <metrics complexity="8" methods="8" coveredmethods="8" conditionals="0" coveredconditionals="0" statements="16" coveredstatements="16" elements="24" coveredelements="24"/>
        </class>
        <line num="7" type="method" name="enableTime" visibility="public" complexity="1" crap="1" count="4"/>
        <line num="9" type="stmt" count="4"/>
        <line num="10" type="stmt" count="4"/>
        <line num="13" type="method" name="enableSeconds" visibility="public" complexity="1" crap="1" count="2"/>
        <line num="15" type="stmt" count="2"/>
        <line num="16" type="stmt" count="2"/>
        <line num="19" type="method" name="time24hr" visibility="public" complexity="1" crap="1" count="2"/>
        <line num="21" type="stmt" count="2"/>
        <line num="22" type="stmt" count="2"/>
        <line num="25" type="method" name="defaultHour" visibility="public" complexity="1" crap="1" count="1"/>
        <line num="27" type="stmt" count="1"/>
        <line num="28" type="stmt" count="1"/>
        <line num="31" type="method" name="defaultMinute" visibility="public" complexity="1" crap="1" count="1"/>
        <line num="33" type="stmt" count="1"/>
        <line num="34" type="stmt" count="1"/>
        <line num="37" type="method" name="defaultSeconds" visibility="public" complexity="1" crap="1" count="1"/>
        <line num="39" type="stmt" count="1"/>
        <line num="40" type="stmt" count="1"/>
        <line num="43" type="method" name="hourIncrement" visibility="public" complexity="1" crap="1" count="1"/>
        <line num="45" type="stmt" count="1"/>
        <line num="46" type="stmt" count="1"/>
        <line num="49" type="method" name="minuteIncrement" visibility="public" complexity="1" crap="1" count="1"/>
        <line num="51" type="stmt" count="1"/>
        <line num="52" type="stmt" count="1"/>
        <metrics loc="55" ncloc="55" classes="1" methods="8" coveredmethods="8" conditionals="0" coveredconditionals="0" statements="16" coveredstatements="16" elements="24" coveredelements="24"/>
      </file>
    </package>
    <package name="Noraitec\FilamentFlatpickrPlugin\Components">
      <file name="/home/dreamex/Proyectos/php/Open Source/packages/noraitec/filament-flatpickr-plugin/src/Components/Flatpickr.php">
        <class name="Noraitec\FilamentFlatpickrPlugin\Components\Flatpickr" namespace="Noraitec\FilamentFlatpickrPlugin\Components">
          <metrics complexity="13" methods="12" coveredmethods="12" conditionals="0" coveredconditionals="0" statements="24" coveredstatements="24" elements="36" coveredelements="36"/>
        </class>
        <line num="29" type="method" name="options" visibility="public" complexity="1" crap="1" count="1"/>
        <line num="31" type="stmt" count="1"/>
        <line num="32" type="stmt" count="1"/>
        <line num="35" type="method" name="getOptions" visibility="public" complexity="1" crap="1" count="39"/>
        <line num="37" type="stmt" count="39"/>
        <line num="40" type="method" name="locale" visibility="public" complexity="1" crap="1" count="3"/>
        <line num="42" type="stmt" count="3"/>
        <line num="43" type="stmt" count="3"/>
        <line num="46" type="method" name="getLocale" visibility="public" complexity="1" crap="1" count="3"/>
        <line num="48" type="stmt" count="3"/>
        <line num="51" type="method" name="mode" visibility="public" complexity="2" crap="2" count="2"/>
        <line num="53" type="stmt" count="2"/>
        <line num="55" type="stmt" count="2"/>
        <line num="56" type="stmt" count="1"/>
        <line num="59" type="stmt" count="1"/>
        <line num="60" type="stmt" count="1"/>
        <line num="63" type="method" name="disableMobile" visibility="public" complexity="1" crap="1" count="2"/>
        <line num="65" type="stmt" count="2"/>
        <line num="66" type="stmt" count="2"/>
        <line num="69" type="method" name="disableFunction" visibility="public" complexity="1" crap="1" count="2"/>
        <line num="71" type="stmt" count="2"/>
        <line num="72" type="stmt" count="2"/>
        <line num="75" type="method" name="enableFunction" visibility="public" complexity="1" crap="1" count="2"/>
        <line num="77" type="stmt" count="2"/>
        <line num="78" type="stmt" count="2"/>
        <line num="81" type="method" name="altInputClass" visibility="public" complexity="1" crap="1" count="2"/>
        <line num="83" type="stmt" count="2"/>
        <line num="84" type="stmt" count="2"/>
        <line num="87" type="method" name="conjunction" visibility="public" complexity="1" crap="1" count="2"/>
        <line num="89" type="stmt" count="2"/>
        <line num="90" type="stmt" count="2"/>
        <line num="92" type="method" name="withPlugins" visibility="public" complexity="1" crap="1" count="1"/>
        <line num="94" type="stmt" count="1"/>
        <line num="96" type="stmt" count="1"/>
        <line num="99" type="method" name="getPlugins" visibility="public" complexity="1" crap="1" count="1"/>
        <line num="101" type="stmt" count="1"/>
        <metrics loc="105" ncloc="104" classes="1" methods="12" coveredmethods="12" conditionals="0" coveredconditionals="0" statements="24" coveredstatements="24" elements="36" coveredelements="36"/>
      </file>
    </package>
    <package name="Noraitec\FilamentFlatpickrPlugin">
      <file name="/home/dreamex/Proyectos/php/Open Source/packages/noraitec/filament-flatpickr-plugin/src/FlatpickrPluginServiceProvider.php">
        <class name="Noraitec\FilamentFlatpickrPlugin\FlatpickrPluginServiceProvider" namespace="Noraitec\FilamentFlatpickrPlugin">
          <metrics complexity="2" methods="2" coveredmethods="2" conditionals="0" coveredconditionals="0" statements="18" coveredstatements="18" elements="20" coveredelements="20"/>
        </class>
        <line num="18" type="method" name="register" visibility="public" complexity="1" crap="1" count="63"/>
        <line num="21" type="stmt" count="63"/>
        <line num="23" type="method" name="boot" visibility="public" complexity="1" crap="1" count="63"/>
        <line num="26" type="stmt" count="63"/>
        <line num="29" type="stmt" count="63"/>
        <line num="30" type="stmt" count="63"/>
        <line num="31" type="stmt" count="63"/>
        <line num="34" type="stmt" count="63"/>
        <line num="35" type="stmt" count="63"/>
        <line num="36" type="stmt" count="63"/>
        <line num="38" type="stmt" count="63"/>
        <line num="39" type="stmt" count="63"/>
        <line num="40" type="stmt" count="63"/>
        <line num="43" type="stmt" count="63"/>
        <line num="44" type="stmt" count="63"/>
        <line num="45" type="stmt" count="63"/>
        <line num="47" type="stmt" count="63"/>
        <line num="48" type="stmt" count="63"/>
        <line num="49" type="stmt" count="63"/>
        <line num="50" type="stmt" count="63"/>
        <metrics loc="52" ncloc="42" classes="1" methods="2" coveredmethods="2" conditionals="0" coveredconditionals="0" statements="18" coveredstatements="18" elements="20" coveredelements="20"/>
      </file>
    </package>
    <metrics files="8" loc="501" ncloc="490" classes="8" methods="60" coveredmethods="60" conditionals="0" coveredconditionals="0" statements="142" coveredstatements="142" elements="202" coveredelements="202"/>
  </project>
</coverage>
